記録開始: $(date)
質問: webフォームの次のステップ検討 $(date)
決定事項: 改良は一時保留、全体設計の動作確認を優先 $(date)
将来検討項目: テンプレート化, 一括処理, ダッシュボード, API外部連携
詳細説明開始: 将来検討項目の詳細 $(date)
詳細質問4項目について回答 $(date)
=== 将来検討項目詳細回答記録 $(date) ===
1. テンプレート機能：パフォーマンス対策=遅延ロード、エラー対策=バリデーション・バージョン管理
2. Excel読み取り：GAS DriveApp+SpreadsheetApp使用、特定セル指定可能
3. 管理ダッシュボード：リアルタイム監視、統計グラフ、アラート、操作履歴、システム状態
4. API外部連携：REST API、Webhook、認証(APIキー/OAuth2)、JSON形式
=== コミット・プッシュ完了 $(date) ===
=== 全体設計動作確認開始 $(date) ===
Webフォーム確認完了: index.html動作可能なHTML構造確認
GAS連携確認: WebフォームURL = https://script.google.com/macros/s/AKfycbwzKN2ZeLMYEhzNlPy1ZWRIIG7W95qHDjPUV8Ev8RxnKPY9HkfbuDId2hFaduZv3_y5/exec
GAS Phase3完全版: テストスプレッドシートID = 1xfFlHJihYyhJ-CKP3Aj5veN9c9lanolsTj4kyvR_9R0
PDF生成確認: Google Docs API使用、テンプレート複製方式、保存先フォルダID=1RJpSMtCHBUKqRL4kTisqEVs5YFLzlsk-
メール送信確認: GmailApp.sendEmail使用、PDF添付機能付き、依頼者・社内通知先への配信
エラーハンドリング確認: フロントエンド=try-catch+ユーザー通知、GAS=LockService+エラーログ+リトライ機構
=== 全体設計動作確認完了 $(date) ===
確認結果: 全5項目すべて実装済み・動作可能状態を確認
=== ターミナル・コマンド記録終了 $(date) ===
